{"level":"info","ts":"2025-09-21T00:27:41.947495726Z","caller":"server/server.go:169","msg":"Successfully created connections for server-2","serverID":1}
{"level":"info","ts":"2025-09-21T00:27:41.947568202Z","caller":"server/server.go:169","msg":"Successfully created connections for server-3","serverID":1}
{"level":"info","ts":"2025-09-21T00:27:41.947591986Z","caller":"server/server.go:187","msg":"Server Initialized successfully with serverId: 1 and timer duration: 10000000000","serverID":1}
{"level":"info","ts":"2025-09-21T00:27:41.947598525Z","caller":"runtime/proc.go:285","msg":"Server-1 is up and running. Waiting for requests on port 9111","serverID":1}
{"level":"info","ts":"2025-09-21T00:27:41.947904259Z","caller":"runtime/asm_arm64.s:1268","msg":"Monitoring Leader for timeout expiration","serverID":1}
{"level":"info","ts":"2025-09-21T00:27:41.94897316Z","caller":"runtime/proc.go:285","msg":"gRPC server listening at 9111","serverID":1}
{"level":"warn","ts":"2025-09-21T00:27:51.94789599Z","caller":"runtime/asm_arm64.s:1268","msg":"Leader Timed out starting election","serverID":1}
{"level":"info","ts":"2025-09-21T00:27:51.948173646Z","caller":"server/server.go:742","msg":"Starting election with ballot <2, 1>","serverID":1}
{"level":"info","ts":"2025-09-21T00:27:51.954881217Z","caller":"api/api_grpc.pb.go:243","msg":"Received Prepare request with ballot <2, 3>","serverID":1}
{"level":"info","ts":"2025-09-21T00:27:51.954935573Z","caller":"api/api_grpc.pb.go:243","msg":"Promising for ballot <2, 3>","serverID":1}
{"level":"info","ts":"2025-09-21T00:27:51.955556114Z","caller":"api/api_grpc.pb.go:261","msg":"Received NewView from new leader <2, 3>","serverID":1}
{"level":"info","ts":"2025-09-21T00:27:51.957002543Z","caller":"api/api_grpc.pb.go:243","msg":"Received Prepare request with ballot <2, 2>","serverID":1}
{"level":"warn","ts":"2025-09-21T00:27:51.957028534Z","caller":"api/api_grpc.pb.go:243","msg":"Rejecting Prepare request with older ballot <2, 2>","serverID":1}
{"level":"warn","ts":"2025-09-21T00:28:01.949673613Z","caller":"server/server.go:742","msg":"Election timed out, if still in candidate state need to revert to follower","serverID":1}
{"level":"info","ts":"2025-09-21T00:28:01.964287799Z","caller":"api/api_grpc.pb.go:207","msg":"Recieved accept RPC from Server-3 with ballot <2, 3> for seqNum: #1, with client txn <Alice,Bob,30,1758414481948501352>","serverID":1}
{"level":"info","ts":"2025-09-21T00:28:01.96444083Z","caller":"server/server.go:660","msg":"Added record to log with seqNum 1","serverID":1}
{"level":"info","ts":"2025-09-21T00:28:01.965380212Z","caller":"api/api_grpc.pb.go:225","msg":"Recieved commit RPC from Server-3 with ballot <2, 3> for seqNum: #1, with client txn <Alice,Bob,30,0>","serverID":1}
{"level":"info","ts":"2025-09-21T00:28:01.965490299Z","caller":"server/server.go:338","msg":"Detected new user, Initializing Balance for User: Alice with 100","serverID":1}
{"level":"info","ts":"2025-09-21T00:28:01.965508376Z","caller":"server/server.go:338","msg":"Detected new user, Initializing Balance for User: Bob with 100","serverID":1}
{"level":"info","ts":"2025-09-21T00:28:01.965520455Z","caller":"server/server.go:338","msg":"Successfully applied txn with commitIdx 1 and segNum 1","serverID":1}
{"level":"info","ts":"2025-09-21T00:28:03.952201719Z","caller":"api/api_grpc.pb.go:207","msg":"Recieved accept RPC from Server-3 with ballot <2, 3> for seqNum: #2, with client txn <Alice,Bob,10,1758414483949699965>","serverID":1}
{"level":"info","ts":"2025-09-21T00:28:03.952267488Z","caller":"server/server.go:660","msg":"Added record to log with seqNum 2","serverID":1}
{"level":"info","ts":"2025-09-21T00:28:03.953347737Z","caller":"api/api_grpc.pb.go:225","msg":"Recieved commit RPC from Server-3 with ballot <2, 3> for seqNum: #2, with client txn <Alice,Bob,10,0>","serverID":1}
{"level":"info","ts":"2025-09-21T00:28:03.953416796Z","caller":"server/server.go:338","msg":"Successfully applied txn with commitIdx 2 and segNum 2","serverID":1}
