{"level":"info","ts":"2025-10-12T01:44:03.888794498Z","caller":"server/server.go:187","msg":"Successfully created connections for server-1","serverID":4}
{"level":"info","ts":"2025-10-12T01:44:03.889059318Z","caller":"server/server.go:187","msg":"Successfully created connections for server-2","serverID":4}
{"level":"info","ts":"2025-10-12T01:44:03.88910053Z","caller":"server/server.go:187","msg":"Successfully created connections for server-3","serverID":4}
{"level":"info","ts":"2025-10-12T01:44:03.889112365Z","caller":"server/server.go:187","msg":"Successfully created connections for server-5","serverID":4}
{"level":"info","ts":"2025-10-12T01:44:03.889123199Z","caller":"server/server.go:188","msg":"Log file logstore_4.json not found, starting with an empty log store.","serverID":4}
{"level":"info","ts":"2025-10-12T01:44:03.889149535Z","caller":"server/server.go:207","msg":"Server Initialized successfully with serverId: 4 and timer duration: 1000000000","serverID":4}
{"level":"info","ts":"2025-10-12T01:44:03.889157244Z","caller":"runtime/proc.go:285","msg":"Server-4 is up and running. Waiting for requests on port 9114","serverID":4}
{"level":"info","ts":"2025-10-12T01:44:03.889244087Z","caller":"runtime/asm_arm64.s:1268","msg":"Monitoring Leader for timeout expiration","serverID":4}
{"level":"info","ts":"2025-10-12T01:44:03.890347868Z","caller":"runtime/proc.go:285","msg":"gRPC server listening at 9114","serverID":4}
{"level":"info","ts":"2025-10-12T01:44:04.880998554Z","caller":"api/api_grpc.pb.go:351","msg":"Received Prepare request with ballot <2, 3>","serverID":4}
{"level":"info","ts":"2025-10-12T01:44:04.881146194Z","caller":"api/api_grpc.pb.go:351","msg":"Received Prepare request with ballot <2, 2>","serverID":4}
{"level":"info","ts":"2025-10-12T01:44:04.883667955Z","caller":"api/api_grpc.pb.go:351","msg":"Received Prepare request with ballot <2, 1>","serverID":4}
{"level":"info","ts":"2025-10-12T01:44:04.888562796Z","caller":"api/api_grpc.pb.go:351","msg":"Received Prepare request with ballot <2, 5>","serverID":4}
{"level":"warn","ts":"2025-10-12T01:44:04.888745023Z","caller":"runtime/asm_arm64.s:1268","msg":"Leader Timed out but PREPARE seen in last tp","serverID":4}
{"level":"warn","ts":"2025-10-12T01:44:04.893188609Z","caller":"api/api_grpc.pb.go:351","msg":"Rejecting Prepare <2,3>","serverID":4}
{"level":"warn","ts":"2025-10-12T01:44:04.893338291Z","caller":"api/api_grpc.pb.go:351","msg":"Rejecting Prepare <2,1>","serverID":4}
{"level":"info","ts":"2025-10-12T01:44:04.893366252Z","caller":"api/api_grpc.pb.go:351","msg":"Promising for ballot <2, 5>","serverID":4}
{"level":"warn","ts":"2025-10-12T01:44:04.893373961Z","caller":"api/api_grpc.pb.go:351","msg":"Prepare rejected: already promised in this expiry window","serverID":4}
{"level":"warn","ts":"2025-10-12T01:44:05.893924008Z","caller":"runtime/asm_arm64.s:1268","msg":"Leader Timed out starting election","serverID":4}
{"level":"info","ts":"2025-10-12T01:44:05.894096568Z","caller":"server/server.go:844","msg":"Starting election with ballot <3, 4>","serverID":4}
{"level":"info","ts":"2025-10-12T01:44:06.078090765Z","caller":"server/server.go:844","msg":"recieved promise from server-2","serverID":4}
{"level":"info","ts":"2025-10-12T01:44:06.078258241Z","caller":"server/server.go:844","msg":"recieved promise from server-3","serverID":4}
{"level":"info","ts":"2025-10-12T01:44:06.078277868Z","caller":"server/server.go:844","msg":"Server-4 achieved election quorom with ballotVal 4","serverID":4}
{"level":"warn","ts":"2025-10-12T01:44:11.524261896Z","caller":"api/api_grpc.pb.go:175","msg":"RECOVERED: SERVER IS NOW RESPONSIVE ","serverID":4}
{"level":"info","ts":"2025-10-12T01:44:11.527182824Z","caller":"api/api_grpc.pb.go:121","msg":"Received transaction from B to E for amount 4","serverID":4}
{"level":"info","ts":"2025-10-12T01:44:11.527210368Z","caller":"api/api_grpc.pb.go:121","msg":"First request from client B. Creating client cache","serverID":4}
{"level":"info","ts":"2025-10-12T01:44:11.527221286Z","caller":"server/server.go:332","msg":"Added record to log with seqNum 1","serverID":4}
{"level":"info","ts":"2025-10-12T01:44:11.527227245Z","caller":"api/api_grpc.pb.go:121","msg":"Received transaction from H to I for amount 2","serverID":4}
{"level":"info","ts":"2025-10-12T01:44:11.527268541Z","caller":"api/api_grpc.pb.go:121","msg":"First request from client H. Creating client cache","serverID":4}
{"level":"info","ts":"2025-10-12T01:44:11.527281834Z","caller":"server/server.go:332","msg":"Added record to log with seqNum 2","serverID":4}
{"level":"info","ts":"2025-10-12T01:44:11.527301211Z","caller":"api/api_grpc.pb.go:121","msg":"Received transaction from A to J for amount 3","serverID":4}
{"level":"info","ts":"2025-10-12T01:44:11.527309503Z","caller":"api/api_grpc.pb.go:121","msg":"First request from client A. Creating client cache","serverID":4}
{"level":"info","ts":"2025-10-12T01:44:11.527313046Z","caller":"server/server.go:332","msg":"Added record to log with seqNum 3","serverID":4}
{"level":"info","ts":"2025-10-12T01:44:11.527696044Z","caller":"api/api_grpc.pb.go:121","msg":"Received transaction from C to D for amount 1","serverID":4}
{"level":"info","ts":"2025-10-12T01:44:11.527704253Z","caller":"api/api_grpc.pb.go:121","msg":"Received transaction from F to G for amount 2","serverID":4}
{"level":"info","ts":"2025-10-12T01:44:11.527710628Z","caller":"api/api_grpc.pb.go:121","msg":"First request from client C. Creating client cache","serverID":4}
{"level":"info","ts":"2025-10-12T01:44:11.527717671Z","caller":"server/server.go:332","msg":"Added record to log with seqNum 4","serverID":4}
{"level":"info","ts":"2025-10-12T01:44:11.527771301Z","caller":"api/api_grpc.pb.go:121","msg":"First request from client F. Creating client cache","serverID":4}
{"level":"info","ts":"2025-10-12T01:44:11.527782636Z","caller":"server/server.go:332","msg":"Added record to log with seqNum 5","serverID":4}
{"level":"info","ts":"2025-10-12T01:44:11.528216306Z","caller":"server/server.go:360","msg":"Qouram achieved for seqNum 1","serverID":4}
{"level":"info","ts":"2025-10-12T01:44:11.528236016Z","caller":"server/server.go:364","msg":"Log with seqNum 1 commited","serverID":4}
{"level":"info","ts":"2025-10-12T01:44:11.528253185Z","caller":"api/api_grpc.pb.go:121","msg":"Waiting for seqNum 1 to be executed","serverID":4}
{"level":"info","ts":"2025-10-12T01:44:11.528554508Z","caller":"server/server.go:399","msg":"Detected new user, Initializing Balance for User: B with 10","serverID":4}
{"level":"info","ts":"2025-10-12T01:44:11.5285623Z","caller":"server/server.go:399","msg":"Detected new user, Initializing Balance for User: E with 10","serverID":4}
{"level":"info","ts":"2025-10-12T01:44:11.528566092Z","caller":"server/server.go:399","msg":"Successfully applied txn with commitIdx 1 and segNum 1","serverID":4}
{"level":"info","ts":"2025-10-12T01:44:11.528570759Z","caller":"api/api_grpc.pb.go:121","msg":"Execution completed for seqNum 1, txn success: true ","serverID":4}
{"level":"info","ts":"2025-10-12T01:44:11.528581302Z","caller":"api/api_grpc.pb.go:121","msg":"Cached reply for client-B with request timestamp: 1","serverID":4}
{"level":"info","ts":"2025-10-12T01:44:11.529174113Z","caller":"server/server.go:360","msg":"Qouram achieved for seqNum 4","serverID":4}
{"level":"info","ts":"2025-10-12T01:44:11.529167821Z","caller":"server/server.go:360","msg":"Qouram achieved for seqNum 5","serverID":4}
{"level":"info","ts":"2025-10-12T01:44:11.529186156Z","caller":"server/server.go:364","msg":"Log with seqNum 4 commited","serverID":4}
{"level":"info","ts":"2025-10-12T01:44:11.529196991Z","caller":"api/api_grpc.pb.go:121","msg":"Waiting for seqNum 4 to be executed","serverID":4}
{"level":"info","ts":"2025-10-12T01:44:11.529534734Z","caller":"server/server.go:360","msg":"Qouram achieved for seqNum 2","serverID":4}
{"level":"info","ts":"2025-10-12T01:44:11.52954261Z","caller":"server/server.go:364","msg":"Log with seqNum 5 commited","serverID":4}
{"level":"info","ts":"2025-10-12T01:44:11.529897355Z","caller":"api/api_grpc.pb.go:121","msg":"Waiting for seqNum 5 to be executed","serverID":4}
{"level":"info","ts":"2025-10-12T01:44:11.529750882Z","caller":"server/server.go:360","msg":"Qouram achieved for seqNum 3","serverID":4}
{"level":"info","ts":"2025-10-12T01:44:11.529930025Z","caller":"server/server.go:364","msg":"Log with seqNum 3 commited","serverID":4}
{"level":"info","ts":"2025-10-12T01:44:11.529944652Z","caller":"api/api_grpc.pb.go:121","msg":"Waiting for seqNum 3 to be executed","serverID":4}
{"level":"info","ts":"2025-10-12T01:44:11.530030619Z","caller":"server/server.go:364","msg":"Log with seqNum 2 commited","serverID":4}
{"level":"info","ts":"2025-10-12T01:44:11.530115419Z","caller":"api/api_grpc.pb.go:121","msg":"Waiting for seqNum 2 to be executed","serverID":4}
{"level":"info","ts":"2025-10-12T01:44:11.530462955Z","caller":"server/server.go:399","msg":"Detected new user, Initializing Balance for User: H with 10","serverID":4}
{"level":"info","ts":"2025-10-12T01:44:11.530472623Z","caller":"server/server.go:399","msg":"Detected new user, Initializing Balance for User: I with 10","serverID":4}
{"level":"info","ts":"2025-10-12T01:44:11.530484374Z","caller":"server/server.go:399","msg":"Successfully applied txn with commitIdx 2 and segNum 2","serverID":4}
{"level":"info","ts":"2025-10-12T01:44:11.530489375Z","caller":"server/server.go:399","msg":"Detected new user, Initializing Balance for User: A with 10","serverID":4}
{"level":"info","ts":"2025-10-12T01:44:11.5304935Z","caller":"server/server.go:399","msg":"Detected new user, Initializing Balance for User: J with 10","serverID":4}
{"level":"info","ts":"2025-10-12T01:44:11.530499876Z","caller":"server/server.go:399","msg":"Successfully applied txn with commitIdx 3 and segNum 3","serverID":4}
{"level":"info","ts":"2025-10-12T01:44:11.530503376Z","caller":"server/server.go:399","msg":"Detected new user, Initializing Balance for User: C with 10","serverID":4}
{"level":"info","ts":"2025-10-12T01:44:11.530506127Z","caller":"server/server.go:399","msg":"Detected new user, Initializing Balance for User: D with 10","serverID":4}
{"level":"info","ts":"2025-10-12T01:44:11.530562799Z","caller":"server/server.go:399","msg":"Successfully applied txn with commitIdx 4 and segNum 4","serverID":4}
{"level":"info","ts":"2025-10-12T01:44:11.530587843Z","caller":"server/server.go:399","msg":"Detected new user, Initializing Balance for User: F with 10","serverID":4}
{"level":"info","ts":"2025-10-12T01:44:11.53059151Z","caller":"server/server.go:399","msg":"Detected new user, Initializing Balance for User: G with 10","serverID":4}
{"level":"info","ts":"2025-10-12T01:44:11.530594594Z","caller":"server/server.go:399","msg":"Successfully applied txn with commitIdx 5 and segNum 5","serverID":4}
{"level":"info","ts":"2025-10-12T01:44:11.530598511Z","caller":"api/api_grpc.pb.go:121","msg":"Execution completed for seqNum 5, txn success: true ","serverID":4}
{"level":"info","ts":"2025-10-12T01:44:11.530603887Z","caller":"api/api_grpc.pb.go:121","msg":"Cached reply for client-F with request timestamp: 1","serverID":4}
{"level":"info","ts":"2025-10-12T01:44:11.530615721Z","caller":"api/api_grpc.pb.go:121","msg":"Execution completed for seqNum 2, txn success: true ","serverID":4}
{"level":"info","ts":"2025-10-12T01:44:11.53061993Z","caller":"api/api_grpc.pb.go:121","msg":"Cached reply for client-H with request timestamp: 1","serverID":4}
{"level":"info","ts":"2025-10-12T01:44:11.530625889Z","caller":"api/api_grpc.pb.go:121","msg":"Execution completed for seqNum 3, txn success: true ","serverID":4}
{"level":"info","ts":"2025-10-12T01:44:11.530629139Z","caller":"api/api_grpc.pb.go:121","msg":"Cached reply for client-A with request timestamp: 1","serverID":4}
{"level":"info","ts":"2025-10-12T01:44:11.530653058Z","caller":"api/api_grpc.pb.go:121","msg":"Execution completed for seqNum 4, txn success: true ","serverID":4}
{"level":"info","ts":"2025-10-12T01:44:11.53068127Z","caller":"api/api_grpc.pb.go:121","msg":"Cached reply for client-C with request timestamp: 1","serverID":4}
{"level":"warn","ts":"2025-10-12T01:44:24.25715472Z","caller":"api/api_grpc.pb.go:175","msg":"RECOVERED: SERVER IS NOW RESPONSIVE ","serverID":4}
{"level":"info","ts":"2025-10-12T01:44:24.259031123Z","caller":"api/api_grpc.pb.go:121","msg":"Received transaction from J to C for amount 4","serverID":4}
{"level":"info","ts":"2025-10-12T01:44:24.259071502Z","caller":"api/api_grpc.pb.go:121","msg":"First request from client J. Creating client cache","serverID":4}
{"level":"info","ts":"2025-10-12T01:44:24.259083295Z","caller":"server/server.go:332","msg":"Added record to log with seqNum 6","serverID":4}
{"level":"info","ts":"2025-10-12T01:44:24.259031623Z","caller":"api/api_grpc.pb.go:121","msg":"Received transaction from B to I for amount 2","serverID":4}
{"level":"info","ts":"2025-10-12T01:44:24.259234394Z","caller":"server/server.go:332","msg":"Added record to log with seqNum 7","serverID":4}
{"level":"info","ts":"2025-10-12T01:44:24.262031517Z","caller":"server/server.go:360","msg":"Qouram achieved for seqNum 6","serverID":4}
{"level":"info","ts":"2025-10-12T01:44:24.263194888Z","caller":"server/server.go:360","msg":"Qouram achieved for seqNum 7","serverID":4}
{"level":"info","ts":"2025-10-12T01:44:24.263236433Z","caller":"server/server.go:364","msg":"Log with seqNum 7 commited","serverID":4}
{"level":"info","ts":"2025-10-12T01:44:24.263297481Z","caller":"api/api_grpc.pb.go:121","msg":"Waiting for seqNum 7 to be executed","serverID":4}
{"level":"warn","ts":"2025-10-12T01:44:24.2646037Z","caller":"runtime/asm_arm64.s:1268","msg":"Failed to send accpet rpc to server-5 with error rpc error: code = Unknown desc = SERVER_DOWN","serverID":4}
{"level":"warn","ts":"2025-10-12T01:44:24.264648788Z","caller":"runtime/asm_arm64.s:1268","msg":"Failed to send accpet rpc to server-5 with error rpc error: code = Unknown desc = SERVER_DOWN","serverID":4}
{"level":"info","ts":"2025-10-12T01:44:24.265031161Z","caller":"server/server.go:364","msg":"Log with seqNum 6 commited","serverID":4}
{"level":"info","ts":"2025-10-12T01:44:24.26507204Z","caller":"api/api_grpc.pb.go:121","msg":"Waiting for seqNum 6 to be executed","serverID":4}
{"level":"info","ts":"2025-10-12T01:44:24.265342027Z","caller":"server/server.go:399","msg":"Successfully applied txn with commitIdx 6 and segNum 6","serverID":4}
{"level":"info","ts":"2025-10-12T01:44:24.265355361Z","caller":"server/server.go:399","msg":"Successfully applied txn with commitIdx 7 and segNum 7","serverID":4}
{"level":"info","ts":"2025-10-12T01:44:24.265361945Z","caller":"api/api_grpc.pb.go:121","msg":"Execution completed for seqNum 7, txn success: true ","serverID":4}
{"level":"info","ts":"2025-10-12T01:44:24.265369488Z","caller":"api/api_grpc.pb.go:121","msg":"Cached reply for client-B with request timestamp: 2","serverID":4}
{"level":"info","ts":"2025-10-12T01:44:24.265393657Z","caller":"api/api_grpc.pb.go:121","msg":"Execution completed for seqNum 6, txn success: true ","serverID":4}
{"level":"info","ts":"2025-10-12T01:44:24.265428452Z","caller":"api/api_grpc.pb.go:121","msg":"Cached reply for client-J with request timestamp: 1","serverID":4}
{"level":"warn","ts":"2025-10-12T01:44:24.265947173Z","caller":"runtime/asm_arm64.s:1268","msg":"Failed to send commit rpc to server-5 with error rpc error: code = Unknown desc = SERVER_DOWN","serverID":4}
{"level":"warn","ts":"2025-10-12T01:44:24.26596555Z","caller":"runtime/asm_arm64.s:1268","msg":"Failed to send commit rpc to server-5 with error rpc error: code = Unknown desc = SERVER_DOWN","serverID":4}
{"level":"info","ts":"2025-10-12T01:45:12.520216068Z","caller":"api/api_grpc.pb.go:351","msg":"Received Prepare request with ballot <4, 5>","serverID":4}
{"level":"warn","ts":"2025-10-12T01:45:12.520582147Z","caller":"api/api_grpc.pb.go:139","msg":"SIMULATING NODE FAILURE: SERVER IS NOW UNRESPONSIVE","serverID":4}
{"level":"info","ts":"2025-10-12T01:45:12.670985171Z","caller":"api/api_grpc.pb.go:351","msg":"Promising for ballot <4, 5>","serverID":4}
{"level":"warn","ts":"2025-10-12T01:46:29.569569669Z","caller":"api/api_grpc.pb.go:139","msg":"SIMULATING NODE FAILURE: SERVER IS NOW UNRESPONSIVE","serverID":4}
{"level":"warn","ts":"2025-10-12T01:47:07.820998893Z","caller":"api/api_grpc.pb.go:139","msg":"SIMULATING NODE FAILURE: SERVER IS NOW UNRESPONSIVE","serverID":4}
{"level":"warn","ts":"2025-10-12T01:47:32.147675046Z","caller":"api/api_grpc.pb.go:175","msg":"RECOVERED: SERVER IS NOW RESPONSIVE ","serverID":4}
{"level":"warn","ts":"2025-10-12T01:47:32.149729228Z","caller":"api/api_grpc.pb.go:139","msg":"SIMULATING NODE FAILURE: SERVER IS NOW UNRESPONSIVE","serverID":4}
{"level":"warn","ts":"2025-10-12T01:47:43.668891189Z","caller":"api/api_grpc.pb.go:175","msg":"RECOVERED: SERVER IS NOW RESPONSIVE ","serverID":4}
{"level":"warn","ts":"2025-10-12T01:47:43.668954801Z","caller":"runtime/asm_arm64.s:1268","msg":"Leader Timed out starting election","serverID":4}
{"level":"info","ts":"2025-10-12T01:47:43.669003417Z","caller":"server/server.go:844","msg":"Starting election with ballot <5, 4>","serverID":4}
{"level":"info","ts":"2025-10-12T01:47:43.670273663Z","caller":"api/api_grpc.pb.go:121","msg":"Received transaction from J to A for amount 2","serverID":4}
{"level":"info","ts":"2025-10-12T01:47:43.670318904Z","caller":"api/api_grpc.pb.go:121","msg":"Forwarding request to perceived leader: 5","serverID":4}
{"level":"info","ts":"2025-10-12T01:47:43.670277371Z","caller":"api/api_grpc.pb.go:121","msg":"Received transaction from G to H for amount 1","serverID":4}
{"level":"info","ts":"2025-10-12T01:47:43.670319279Z","caller":"api/api_grpc.pb.go:121","msg":"Received transaction from F to A for amount 2","serverID":4}
{"level":"info","ts":"2025-10-12T01:47:43.670342857Z","caller":"api/api_grpc.pb.go:121","msg":"First request from client G. Creating client cache","serverID":4}
{"level":"info","ts":"2025-10-12T01:47:43.670358563Z","caller":"api/api_grpc.pb.go:121","msg":"Forwarding request to perceived leader: 5","serverID":4}
{"level":"info","ts":"2025-10-12T01:47:43.67039618Z","caller":"api/api_grpc.pb.go:121","msg":"Forwarding request to perceived leader: 5","serverID":4}
{"level":"info","ts":"2025-10-12T01:47:43.671028262Z","caller":"api/api_grpc.pb.go:315","msg":"Recieved accept RPC from Server-5 with ballot <4, 5> for seqNum: #13, with client txn <F,A,2,2>","serverID":4}
{"level":"info","ts":"2025-10-12T01:47:43.671045384Z","caller":"server/server.go:750","msg":"Added record to log with seqNum 13","serverID":4}
{"level":"info","ts":"2025-10-12T01:47:43.67116561Z","caller":"api/api_grpc.pb.go:315","msg":"Recieved accept RPC from Server-5 with ballot <4, 5> for seqNum: #14, with client txn <J,A,2,2>","serverID":4}
{"level":"info","ts":"2025-10-12T01:47:43.671180649Z","caller":"server/server.go:750","msg":"Added record to log with seqNum 14","serverID":4}
{"level":"info","ts":"2025-10-12T01:47:43.671317996Z","caller":"api/api_grpc.pb.go:315","msg":"Recieved accept RPC from Server-5 with ballot <4, 5> for seqNum: #15, with client txn <G,H,1,1>","serverID":4}
{"level":"info","ts":"2025-10-12T01:47:43.671332951Z","caller":"server/server.go:750","msg":"Added record to log with seqNum 15","serverID":4}
{"level":"info","ts":"2025-10-12T01:47:43.672243895Z","caller":"api/api_grpc.pb.go:333","msg":"Recieved commit RPC from Server-5 with ballot <4, 5> for seqNum: #14, with client txn <J,A,2,0>","serverID":4}
{"level":"info","ts":"2025-10-12T01:47:43.672331835Z","caller":"api/api_grpc.pb.go:333","msg":"Recieved commit RPC from Server-5 with ballot <4, 5> for seqNum: #15, with client txn <G,H,1,0>","serverID":4}
{"level":"info","ts":"2025-10-12T01:47:43.673291227Z","caller":"api/api_grpc.pb.go:333","msg":"Recieved commit RPC from Server-5 with ballot <4, 5> for seqNum: #13, with client txn <F,A,2,0>","serverID":4}
{"level":"info","ts":"2025-10-12T01:47:43.776837845Z","caller":"server/server.go:844","msg":"recieved promise from server-3","serverID":4}
{"level":"info","ts":"2025-10-12T01:47:43.781080373Z","caller":"server/server.go:844","msg":"recieved promise from server-5","serverID":4}
{"level":"info","ts":"2025-10-12T01:47:43.781094412Z","caller":"server/server.go:844","msg":"Server-4 achieved election quorom with ballotVal 4","serverID":4}
{"level":"info","ts":"2025-10-12T01:47:43.783199575Z","caller":"server/server.go:1172","msg":"Qouram achieved for seqNum 6","serverID":4}
{"level":"info","ts":"2025-10-12T01:47:43.783216696Z","caller":"server/server.go:1172","msg":"Qouram achieved for seqNum 13","serverID":4}
{"level":"info","ts":"2025-10-12T01:47:43.783222653Z","caller":"server/server.go:1181","msg":"Log with seqNum 6 commited","serverID":4}
{"level":"info","ts":"2025-10-12T01:47:43.783215696Z","caller":"server/server.go:1172","msg":"Qouram achieved for seqNum 4","serverID":4}
{"level":"info","ts":"2025-10-12T01:47:43.783231568Z","caller":"server/server.go:1181","msg":"Log with seqNum 4 commited","serverID":4}
{"level":"info","ts":"2025-10-12T01:47:43.783271102Z","caller":"server/server.go:1172","msg":"Qouram achieved for seqNum 1","serverID":4}
{"level":"info","ts":"2025-10-12T01:47:43.783280309Z","caller":"server/server.go:1181","msg":"Log with seqNum 1 commited","serverID":4}
{"level":"info","ts":"2025-10-12T01:47:43.783311886Z","caller":"server/server.go:1172","msg":"Qouram achieved for seqNum 7","serverID":4}
{"level":"info","ts":"2025-10-12T01:47:43.783320051Z","caller":"server/server.go:1181","msg":"Log with seqNum 7 commited","serverID":4}
{"level":"info","ts":"2025-10-12T01:47:43.783343088Z","caller":"server/server.go:1172","msg":"Qouram achieved for seqNum 2","serverID":4}
{"level":"info","ts":"2025-10-12T01:47:43.783347462Z","caller":"server/server.go:1181","msg":"Log with seqNum 2 commited","serverID":4}
{"level":"info","ts":"2025-10-12T01:47:43.783591038Z","caller":"server/server.go:1172","msg":"Qouram achieved for seqNum 5","serverID":4}
{"level":"info","ts":"2025-10-12T01:47:43.783602744Z","caller":"server/server.go:1181","msg":"Log with seqNum 5 commited","serverID":4}
{"level":"info","ts":"2025-10-12T01:47:43.783625573Z","caller":"server/server.go:1172","msg":"Qouram achieved for seqNum 3","serverID":4}
{"level":"info","ts":"2025-10-12T01:47:43.78363003Z","caller":"server/server.go:1181","msg":"Log with seqNum 3 commited","serverID":4}
{"level":"info","ts":"2025-10-12T01:47:43.783204657Z","caller":"server/server.go:1172","msg":"Qouram achieved for seqNum 14","serverID":4}
{"level":"info","ts":"2025-10-12T01:47:43.78365865Z","caller":"server/server.go:1181","msg":"Log with seqNum 14 commited","serverID":4}
{"level":"info","ts":"2025-10-12T01:47:43.783222945Z","caller":"server/server.go:1172","msg":"Qouram achieved for seqNum 15","serverID":4}
{"level":"info","ts":"2025-10-12T01:47:43.78369256Z","caller":"server/server.go:1181","msg":"Log with seqNum 15 commited","serverID":4}
{"level":"info","ts":"2025-10-12T01:47:43.783729594Z","caller":"server/server.go:1181","msg":"Log with seqNum 13 commited","serverID":4}
{"level":"info","ts":"2025-10-12T01:47:44.074852302Z","caller":"api/api_grpc.pb.go:121","msg":"Received transaction from G to H for amount 1","serverID":4}
{"level":"info","ts":"2025-10-12T01:47:44.074881046Z","caller":"api/api_grpc.pb.go:121","msg":"Recieved duplicate request from client-G","serverID":4}
{"level":"info","ts":"2025-10-12T01:47:44.074911832Z","caller":"api/api_grpc.pb.go:121","msg":"Received transaction from F to A for amount 2","serverID":4}
{"level":"info","ts":"2025-10-12T01:47:44.074921622Z","caller":"api/api_grpc.pb.go:121","msg":"Recieved duplicate request from client-F","serverID":4}
{"level":"info","ts":"2025-10-12T01:47:44.074939951Z","caller":"api/api_grpc.pb.go:121","msg":"Received transaction from J to A for amount 2","serverID":4}
{"level":"info","ts":"2025-10-12T01:47:44.07494745Z","caller":"api/api_grpc.pb.go:121","msg":"Recieved duplicate request from client-J","serverID":4}
{"level":"info","ts":"2025-10-12T01:47:44.076571459Z","caller":"api/api_grpc.pb.go:121","msg":"Received transaction from J to A for amount 2","serverID":4}
{"level":"info","ts":"2025-10-12T01:47:44.076592788Z","caller":"api/api_grpc.pb.go:121","msg":"Recieved duplicate request from client-J","serverID":4}
{"level":"info","ts":"2025-10-12T01:47:44.076617491Z","caller":"api/api_grpc.pb.go:121","msg":"Received transaction from G to H for amount 1","serverID":4}
{"level":"info","ts":"2025-10-12T01:47:44.076625448Z","caller":"api/api_grpc.pb.go:121","msg":"Recieved duplicate request from client-G","serverID":4}
{"level":"info","ts":"2025-10-12T01:47:44.076646985Z","caller":"api/api_grpc.pb.go:121","msg":"Received transaction from F to A for amount 2","serverID":4}
{"level":"info","ts":"2025-10-12T01:47:44.076654484Z","caller":"api/api_grpc.pb.go:121","msg":"Recieved duplicate request from client-F","serverID":4}
{"level":"warn","ts":"2025-10-12T01:48:21.517060394Z","caller":"api/api_grpc.pb.go:139","msg":"SIMULATING NODE FAILURE: SERVER IS NOW UNRESPONSIVE","serverID":4}
{"level":"warn","ts":"2025-10-12T01:48:21.518693943Z","caller":"api/api_grpc.pb.go:139","msg":"SIMULATING NODE FAILURE: SERVER IS NOW UNRESPONSIVE","serverID":4}
{"level":"warn","ts":"2025-10-12T01:48:59.498466738Z","caller":"api/api_grpc.pb.go:175","msg":"RECOVERED: SERVER IS NOW RESPONSIVE ","serverID":4}
{"level":"info","ts":"2025-10-12T01:48:59.498824328Z","caller":"api/api_grpc.pb.go:351","msg":"Received Prepare request with ballot <6, 5>","serverID":4}
{"level":"info","ts":"2025-10-12T01:48:59.499488636Z","caller":"api/api_grpc.pb.go:121","msg":"Received transaction from C to H for amount 3","serverID":4}
{"level":"info","ts":"2025-10-12T01:48:59.499523841Z","caller":"server/server.go:332","msg":"Added record to log with seqNum 16","serverID":4}
{"level":"info","ts":"2025-10-12T01:48:59.499528382Z","caller":"api/api_grpc.pb.go:121","msg":"Received transaction from E to D for amount 1","serverID":4}
{"level":"info","ts":"2025-10-12T01:48:59.499597459Z","caller":"api/api_grpc.pb.go:121","msg":"First request from client E. Creating client cache","serverID":4}
{"level":"warn","ts":"2025-10-12T01:48:59.499608583Z","caller":"api/api_grpc.pb.go:121","msg":"Cannot process this transaction, not current cluster leader and leader is unknown.","serverID":4}
{"level":"info","ts":"2025-10-12T01:48:59.499592376Z","caller":"api/api_grpc.pb.go:121","msg":"Received transaction from G to I for amount 2","serverID":4}
{"level":"warn","ts":"2025-10-12T01:48:59.499640205Z","caller":"api/api_grpc.pb.go:139","msg":"SIMULATING NODE FAILURE: SERVER IS NOW UNRESPONSIVE","serverID":4}
{"level":"warn","ts":"2025-10-12T01:48:59.499658911Z","caller":"api/api_grpc.pb.go:121","msg":"Cannot process this transaction, not current cluster leader and leader is unknown.","serverID":4}
{"level":"info","ts":"2025-10-12T01:48:59.499505051Z","caller":"api/api_grpc.pb.go:121","msg":"Received transaction from A to J for amount 1","serverID":4}
{"level":"warn","ts":"2025-10-12T01:48:59.499744736Z","caller":"api/api_grpc.pb.go:121","msg":"Cannot process this transaction, not current cluster leader and leader is unknown.","serverID":4}
{"level":"warn","ts":"2025-10-12T01:48:59.50077355Z","caller":"api/api_grpc.pb.go:139","msg":"SIMULATING NODE FAILURE: SERVER IS NOW UNRESPONSIVE","serverID":4}
{"level":"info","ts":"2025-10-12T01:48:59.699255276Z","caller":"api/api_grpc.pb.go:351","msg":"Promising for ballot <6, 5>","serverID":4}
{"level":"warn","ts":"2025-10-12T01:49:40.461814324Z","caller":"api/api_grpc.pb.go:175","msg":"RECOVERED: SERVER IS NOW RESPONSIVE ","serverID":4}
{"level":"warn","ts":"2025-10-12T01:49:40.462499797Z","caller":"runtime/asm_arm64.s:1268","msg":"Leader Timed out starting election","serverID":4}
{"level":"info","ts":"2025-10-12T01:49:40.462681695Z","caller":"server/server.go:844","msg":"Starting election with ballot <7, 4>","serverID":4}
{"level":"info","ts":"2025-10-12T01:49:40.467220285Z","caller":"api/api_grpc.pb.go:315","msg":"Recieved accept RPC from Server-3 with ballot <27, 3> for seqNum: #22, with client txn <G,H,1,4>","serverID":4}
{"level":"info","ts":"2025-10-12T01:49:40.467257365Z","caller":"server/server.go:750","msg":"Added record to log with seqNum 22","serverID":4}
{"level":"info","ts":"2025-10-12T01:49:40.467613079Z","caller":"api/api_grpc.pb.go:315","msg":"Recieved accept RPC from Server-3 with ballot <27, 3> for seqNum: #25, with client txn <D,E,1,2>","serverID":4}
{"level":"info","ts":"2025-10-12T01:49:40.467625286Z","caller":"server/server.go:750","msg":"Added record to log with seqNum 25","serverID":4}
{"level":"info","ts":"2025-10-12T01:49:40.471616972Z","caller":"api/api_grpc.pb.go:315","msg":"Recieved accept RPC from Server-3 with ballot <27, 3> for seqNum: #29, with client txn <H,I,1,2>","serverID":4}
{"level":"info","ts":"2025-10-12T01:49:40.471669175Z","caller":"server/server.go:750","msg":"Added record to log with seqNum 29","serverID":4}
{"level":"info","ts":"2025-10-12T01:49:40.471861864Z","caller":"api/api_grpc.pb.go:315","msg":"Recieved accept RPC from Server-3 with ballot <27, 3> for seqNum: #23, with client txn <C,D,1,6>","serverID":4}
{"level":"info","ts":"2025-10-12T01:49:40.471871988Z","caller":"server/server.go:750","msg":"Added record to log with seqNum 23","serverID":4}
{"level":"info","ts":"2025-10-12T01:49:40.472602165Z","caller":"api/api_grpc.pb.go:333","msg":"Recieved commit RPC from Server-3 with ballot <27, 3> for seqNum: #21, with client txn <E,F,1,0>","serverID":4}
{"level":"warn","ts":"2025-10-12T01:49:40.472627371Z","caller":"api/api_grpc.pb.go:333","msg":"Commit received for seqNum #21 before Accept. Creating log entry.","serverID":4}
{"level":"info","ts":"2025-10-12T01:49:40.472681533Z","caller":"api/api_grpc.pb.go:333","msg":"Recieved commit RPC from Server-3 with ballot <27, 3> for seqNum: #26, with client txn <I,J,1,0>","serverID":4}
{"level":"warn","ts":"2025-10-12T01:49:40.472691198Z","caller":"api/api_grpc.pb.go:333","msg":"Commit received for seqNum #26 before Accept. Creating log entry.","serverID":4}
{"level":"info","ts":"2025-10-12T01:49:40.472708488Z","caller":"api/api_grpc.pb.go:333","msg":"Recieved commit RPC from Server-3 with ballot <27, 3> for seqNum: #27, with client txn <J,A,1,0>","serverID":4}
{"level":"warn","ts":"2025-10-12T01:49:40.472717571Z","caller":"api/api_grpc.pb.go:333","msg":"Commit received for seqNum #27 before Accept. Creating log entry.","serverID":4}
{"level":"info","ts":"2025-10-12T01:49:40.472734319Z","caller":"api/api_grpc.pb.go:333","msg":"Recieved commit RPC from Server-3 with ballot <27, 3> for seqNum: #28, with client txn <B,C,1,0>","serverID":4}
{"level":"warn","ts":"2025-10-12T01:49:40.472741068Z","caller":"api/api_grpc.pb.go:333","msg":"Commit received for seqNum #28 before Accept. Creating log entry.","serverID":4}
{"level":"info","ts":"2025-10-12T01:49:40.472789188Z","caller":"api/api_grpc.pb.go:315","msg":"Recieved accept RPC from Server-3 with ballot <27, 3> for seqNum: #24, with client txn <A,B,1,5>","serverID":4}
{"level":"info","ts":"2025-10-12T01:49:40.472848391Z","caller":"api/api_grpc.pb.go:315","msg":"Recieved accept RPC from Server-3 with ballot <27, 3> for seqNum: #20, with client txn <F,G,1,4>","serverID":4}
{"level":"info","ts":"2025-10-12T01:49:40.472871722Z","caller":"api/api_grpc.pb.go:315","msg":"Recieved accept RPC from Server-3 with ballot <27, 3> for seqNum: #28, with client txn <B,C,1,5>","serverID":4}
{"level":"info","ts":"2025-10-12T01:49:40.472920175Z","caller":"api/api_grpc.pb.go:315","msg":"Recieved accept RPC from Server-3 with ballot <27, 3> for seqNum: #26, with client txn <I,J,1,3>","serverID":4}
{"level":"info","ts":"2025-10-12T01:49:40.472963046Z","caller":"api/api_grpc.pb.go:333","msg":"Recieved commit RPC from Server-3 with ballot <27, 3> for seqNum: #24, with client txn <A,B,1,0>","serverID":4}
{"level":"info","ts":"2025-10-12T01:49:40.473036997Z","caller":"api/api_grpc.pb.go:315","msg":"Recieved accept RPC from Server-3 with ballot <27, 3> for seqNum: #21, with client txn <E,F,1,4>","serverID":4}
{"level":"info","ts":"2025-10-12T01:49:40.473060953Z","caller":"api/api_grpc.pb.go:333","msg":"Recieved commit RPC from Server-3 with ballot <27, 3> for seqNum: #25, with client txn <D,E,1,0>","serverID":4}
{"level":"info","ts":"2025-10-12T01:49:40.473106615Z","caller":"api/api_grpc.pb.go:333","msg":"Recieved commit RPC from Server-3 with ballot <27, 3> for seqNum: #22, with client txn <G,H,1,0>","serverID":4}
{"level":"info","ts":"2025-10-12T01:49:40.47314182Z","caller":"api/api_grpc.pb.go:315","msg":"Recieved accept RPC from Server-3 with ballot <27, 3> for seqNum: #27, with client txn <J,A,1,4>","serverID":4}
{"level":"info","ts":"2025-10-12T01:49:40.473172442Z","caller":"server/server.go:750","msg":"Added record to log with seqNum 24","serverID":4}
{"level":"info","ts":"2025-10-12T01:49:40.473187899Z","caller":"server/server.go:750","msg":"Added record to log with seqNum 20","serverID":4}
{"level":"info","ts":"2025-10-12T01:49:40.473704097Z","caller":"api/api_grpc.pb.go:315","msg":"Accept for seq #28 already committed/executed, ignoring.","serverID":4}
{"level":"info","ts":"2025-10-12T01:49:40.473759342Z","caller":"api/api_grpc.pb.go:315","msg":"Accept for seq #26 already committed/executed, ignoring.","serverID":4}
{"level":"info","ts":"2025-10-12T01:49:40.47377659Z","caller":"api/api_grpc.pb.go:315","msg":"Accept for seq #21 already committed/executed, ignoring.","serverID":4}
{"level":"info","ts":"2025-10-12T01:49:40.473787839Z","caller":"api/api_grpc.pb.go:315","msg":"Accept for seq #27 already committed/executed, ignoring.","serverID":4}
{"level":"info","ts":"2025-10-12T01:49:40.476841076Z","caller":"api/api_grpc.pb.go:333","msg":"Recieved commit RPC from Server-3 with ballot <27, 3> for seqNum: #23, with client txn <C,D,1,0>","serverID":4}
{"level":"info","ts":"2025-10-12T01:49:40.478618649Z","caller":"api/api_grpc.pb.go:333","msg":"Recieved commit RPC from Server-3 with ballot <27, 3> for seqNum: #20, with client txn <F,G,1,0>","serverID":4}
{"level":"info","ts":"2025-10-12T01:49:40.478646022Z","caller":"api/api_grpc.pb.go:333","msg":"Recieved commit RPC from Server-3 with ballot <27, 3> for seqNum: #29, with client txn <H,I,1,0>","serverID":4}
{"level":"info","ts":"2025-10-12T01:49:40.478820838Z","caller":"api/api_grpc.pb.go:315","msg":"Recieved accept RPC from Server-3 with ballot <27, 3> for seqNum: #30, with client txn <D,E,1,3>","serverID":4}
{"level":"info","ts":"2025-10-12T01:49:40.478829045Z","caller":"server/server.go:750","msg":"Added record to log with seqNum 30","serverID":4}
{"level":"info","ts":"2025-10-12T01:49:40.480544999Z","caller":"api/api_grpc.pb.go:315","msg":"Recieved accept RPC from Server-3 with ballot <27, 3> for seqNum: #32, with client txn <I,J,1,4>","serverID":4}
{"level":"info","ts":"2025-10-12T01:49:40.480554373Z","caller":"server/server.go:750","msg":"Added record to log with seqNum 32","serverID":4}
{"level":"info","ts":"2025-10-12T01:49:40.482647831Z","caller":"api/api_grpc.pb.go:315","msg":"Recieved accept RPC from Server-3 with ballot <27, 3> for seqNum: #31, with client txn <B,C,1,6>","serverID":4}
{"level":"info","ts":"2025-10-12T01:49:40.48265908Z","caller":"server/server.go:750","msg":"Added record to log with seqNum 31","serverID":4}
{"level":"info","ts":"2025-10-12T01:49:40.482705034Z","caller":"api/api_grpc.pb.go:333","msg":"Recieved commit RPC from Server-3 with ballot <27, 3> for seqNum: #32, with client txn <I,J,1,0>","serverID":4}
{"level":"info","ts":"2025-10-12T01:49:40.482756112Z","caller":"api/api_grpc.pb.go:315","msg":"Recieved accept RPC from Server-3 with ballot <27, 3> for seqNum: #33, with client txn <E,F,1,5>","serverID":4}
{"level":"info","ts":"2025-10-12T01:49:40.482764278Z","caller":"server/server.go:750","msg":"Added record to log with seqNum 33","serverID":4}
{"level":"info","ts":"2025-10-12T01:49:40.482888266Z","caller":"api/api_grpc.pb.go:315","msg":"Recieved accept RPC from Server-3 with ballot <27, 3> for seqNum: #35, with client txn <A,B,1,6>","serverID":4}
{"level":"info","ts":"2025-10-12T01:49:40.482893057Z","caller":"api/api_grpc.pb.go:315","msg":"Recieved accept RPC from Server-3 with ballot <27, 3> for seqNum: #34, with client txn <F,G,1,5>","serverID":4}
{"level":"info","ts":"2025-10-12T01:49:40.482897848Z","caller":"server/server.go:750","msg":"Added record to log with seqNum 35","serverID":4}
{"level":"info","ts":"2025-10-12T01:49:40.482916013Z","caller":"server/server.go:750","msg":"Added record to log with seqNum 34","serverID":4}
{"level":"info","ts":"2025-10-12T01:49:40.482949426Z","caller":"api/api_grpc.pb.go:333","msg":"Recieved commit RPC from Server-3 with ballot <27, 3> for seqNum: #33, with client txn <E,F,1,0>","serverID":4}
{"level":"info","ts":"2025-10-12T01:49:40.483257146Z","caller":"api/api_grpc.pb.go:315","msg":"Recieved accept RPC from Server-3 with ballot <27, 3> for seqNum: #37, with client txn <G,H,1,5>","serverID":4}
{"level":"info","ts":"2025-10-12T01:49:40.483268186Z","caller":"server/server.go:750","msg":"Added record to log with seqNum 37","serverID":4}
{"level":"info","ts":"2025-10-12T01:49:40.483522452Z","caller":"api/api_grpc.pb.go:315","msg":"Recieved accept RPC from Server-3 with ballot <27, 3> for seqNum: #36, with client txn <H,I,1,3>","serverID":4}
{"level":"info","ts":"2025-10-12T01:49:40.483565032Z","caller":"server/server.go:750","msg":"Added record to log with seqNum 36","serverID":4}
{"level":"info","ts":"2025-10-12T01:49:40.483748097Z","caller":"api/api_grpc.pb.go:315","msg":"Recieved accept RPC from Server-3 with ballot <27, 3> for seqNum: #39, with client txn <C,D,1,7>","serverID":4}
{"level":"info","ts":"2025-10-12T01:49:40.483755846Z","caller":"server/server.go:750","msg":"Added record to log with seqNum 39","serverID":4}
{"level":"info","ts":"2025-10-12T01:49:40.487402608Z","caller":"api/api_grpc.pb.go:333","msg":"Recieved commit RPC from Server-3 with ballot <27, 3> for seqNum: #31, with client txn <B,C,1,0>","serverID":4}
{"level":"info","ts":"2025-10-12T01:49:40.487445937Z","caller":"api/api_grpc.pb.go:315","msg":"Recieved accept RPC from Server-3 with ballot <27, 3> for seqNum: #38, with client txn <J,A,1,5>","serverID":4}
{"level":"info","ts":"2025-10-12T01:49:40.487472142Z","caller":"server/server.go:750","msg":"Added record to log with seqNum 38","serverID":4}
{"level":"info","ts":"2025-10-12T01:49:40.487790402Z","caller":"api/api_grpc.pb.go:333","msg":"Recieved commit RPC from Server-3 with ballot <27, 3> for seqNum: #35, with client txn <A,B,1,0>","serverID":4}
{"level":"info","ts":"2025-10-12T01:49:40.487889892Z","caller":"api/api_grpc.pb.go:333","msg":"Recieved commit RPC from Server-3 with ballot <27, 3> for seqNum: #30, with client txn <D,E,1,0>","serverID":4}
{"level":"info","ts":"2025-10-12T01:49:40.48799409Z","caller":"api/api_grpc.pb.go:333","msg":"Recieved commit RPC from Server-3 with ballot <27, 3> for seqNum: #34, with client txn <F,G,1,0>","serverID":4}
{"level":"info","ts":"2025-10-12T01:49:40.493691523Z","caller":"api/api_grpc.pb.go:333","msg":"Recieved commit RPC from Server-3 with ballot <27, 3> for seqNum: #39, with client txn <C,D,1,0>","serverID":4}
{"level":"info","ts":"2025-10-12T01:49:40.493727102Z","caller":"api/api_grpc.pb.go:315","msg":"Recieved accept RPC from Server-3 with ballot <27, 3> for seqNum: #41, with client txn <E,F,1,6>","serverID":4}
{"level":"info","ts":"2025-10-12T01:49:40.493730727Z","caller":"api/api_grpc.pb.go:333","msg":"Recieved commit RPC from Server-3 with ballot <27, 3> for seqNum: #36, with client txn <H,I,1,0>","serverID":4}
{"level":"info","ts":"2025-10-12T01:49:40.493735018Z","caller":"server/server.go:750","msg":"Added record to log with seqNum 41","serverID":4}
{"level":"info","ts":"2025-10-12T01:49:40.493759266Z","caller":"api/api_grpc.pb.go:333","msg":"Recieved commit RPC from Server-3 with ballot <27, 3> for seqNum: #38, with client txn <J,A,1,0>","serverID":4}
{"level":"info","ts":"2025-10-12T01:49:40.493791471Z","caller":"api/api_grpc.pb.go:333","msg":"Recieved commit RPC from Server-3 with ballot <27, 3> for seqNum: #37, with client txn <G,H,1,0>","serverID":4}
{"level":"info","ts":"2025-10-12T01:49:40.497041106Z","caller":"api/api_grpc.pb.go:315","msg":"Recieved accept RPC from Server-3 with ballot <27, 3> for seqNum: #49, with client txn <J,A,1,6>","serverID":4}
{"level":"info","ts":"2025-10-12T01:49:40.497053188Z","caller":"server/server.go:750","msg":"Added record to log with seqNum 49","serverID":4}
{"level":"info","ts":"2025-10-12T01:49:40.497073727Z","caller":"api/api_grpc.pb.go:315","msg":"Recieved accept RPC from Server-3 with ballot <27, 3> for seqNum: #40, with client txn <D,E,1,4>","serverID":4}
{"level":"info","ts":"2025-10-12T01:49:40.497088976Z","caller":"server/server.go:750","msg":"Added record to log with seqNum 40","serverID":4}
{"level":"info","ts":"2025-10-12T01:49:40.497191091Z","caller":"api/api_grpc.pb.go:315","msg":"Recieved accept RPC from Server-3 with ballot <27, 3> for seqNum: #42, with client txn <B,C,1,7>","serverID":4}
{"level":"info","ts":"2025-10-12T01:49:40.497197965Z","caller":"server/server.go:750","msg":"Added record to log with seqNum 42","serverID":4}
{"level":"info","ts":"2025-10-12T01:49:40.497317453Z","caller":"api/api_grpc.pb.go:315","msg":"Recieved accept RPC from Server-3 with ballot <27, 3> for seqNum: #46, with client txn <C,D,1,8>","serverID":4}
{"level":"info","ts":"2025-10-12T01:49:40.497329702Z","caller":"server/server.go:750","msg":"Added record to log with seqNum 46","serverID":4}
{"level":"info","ts":"2025-10-12T01:49:40.497913435Z","caller":"api/api_grpc.pb.go:315","msg":"Recieved accept RPC from Server-3 with ballot <27, 3> for seqNum: #43, with client txn <F,G,1,6>","serverID":4}
{"level":"info","ts":"2025-10-12T01:49:40.498035298Z","caller":"api/api_grpc.pb.go:315","msg":"Recieved accept RPC from Server-3 with ballot <27, 3> for seqNum: #44, with client txn <I,J,1,5>","serverID":4}
{"level":"info","ts":"2025-10-12T01:49:40.498049005Z","caller":"api/api_grpc.pb.go:315","msg":"Recieved accept RPC from Server-3 with ballot <27, 3> for seqNum: #45, with client txn <A,B,1,7>","serverID":4}
{"level":"info","ts":"2025-10-12T01:49:40.498051672Z","caller":"server/server.go:750","msg":"Added record to log with seqNum 44","serverID":4}
{"level":"info","ts":"2025-10-12T01:49:40.498077002Z","caller":"server/server.go:750","msg":"Added record to log with seqNum 45","serverID":4}
{"level":"info","ts":"2025-10-12T01:49:40.498243861Z","caller":"server/server.go:750","msg":"Added record to log with seqNum 43","serverID":4}
{"level":"info","ts":"2025-10-12T01:49:40.500976797Z","caller":"api/api_grpc.pb.go:333","msg":"Recieved commit RPC from Server-3 with ballot <27, 3> for seqNum: #42, with client txn <B,C,1,0>","serverID":4}
{"level":"info","ts":"2025-10-12T01:49:40.501002503Z","caller":"api/api_grpc.pb.go:315","msg":"Recieved accept RPC from Server-3 with ballot <27, 3> for seqNum: #47, with client txn <H,I,1,4>","serverID":4}
{"level":"info","ts":"2025-10-12T01:49:40.501022417Z","caller":"server/server.go:750","msg":"Added record to log with seqNum 47","serverID":4}
{"level":"info","ts":"2025-10-12T01:49:40.501262018Z","caller":"api/api_grpc.pb.go:315","msg":"Recieved accept RPC from Server-3 with ballot <27, 3> for seqNum: #48, with client txn <G,H,1,6>","serverID":4}
{"level":"info","ts":"2025-10-12T01:49:40.501269559Z","caller":"server/server.go:750","msg":"Added record to log with seqNum 48","serverID":4}
{"level":"info","ts":"2025-10-12T01:49:40.501583611Z","caller":"api/api_grpc.pb.go:333","msg":"Recieved commit RPC from Server-3 with ballot <27, 3> for seqNum: #41, with client txn <E,F,1,0>","serverID":4}
{"level":"info","ts":"2025-10-12T01:49:40.501659229Z","caller":"api/api_grpc.pb.go:333","msg":"Recieved commit RPC from Server-3 with ballot <27, 3> for seqNum: #45, with client txn <A,B,1,0>","serverID":4}
{"level":"info","ts":"2025-10-12T01:49:40.501674061Z","caller":"api/api_grpc.pb.go:333","msg":"Recieved commit RPC from Server-3 with ballot <27, 3> for seqNum: #46, with client txn <C,D,1,0>","serverID":4}
{"level":"info","ts":"2025-10-12T01:49:40.5016961Z","caller":"api/api_grpc.pb.go:333","msg":"Recieved commit RPC from Server-3 with ballot <27, 3> for seqNum: #40, with client txn <D,E,1,0>","serverID":4}
{"level":"info","ts":"2025-10-12T01:49:40.501709349Z","caller":"api/api_grpc.pb.go:333","msg":"Recieved commit RPC from Server-3 with ballot <27, 3> for seqNum: #43, with client txn <F,G,1,0>","serverID":4}
{"level":"info","ts":"2025-10-12T01:49:40.501769968Z","caller":"api/api_grpc.pb.go:333","msg":"Recieved commit RPC from Server-3 with ballot <27, 3> for seqNum: #49, with client txn <J,A,1,0>","serverID":4}
{"level":"info","ts":"2025-10-12T01:49:40.504366917Z","caller":"api/api_grpc.pb.go:333","msg":"Recieved commit RPC from Server-3 with ballot <27, 3> for seqNum: #47, with client txn <H,I,1,0>","serverID":4}
{"level":"info","ts":"2025-10-12T01:49:40.504431536Z","caller":"api/api_grpc.pb.go:333","msg":"Recieved commit RPC from Server-3 with ballot <27, 3> for seqNum: #48, with client txn <G,H,1,0>","serverID":4}
{"level":"info","ts":"2025-10-12T01:49:40.504450117Z","caller":"api/api_grpc.pb.go:333","msg":"Recieved commit RPC from Server-3 with ballot <27, 3> for seqNum: #44, with client txn <I,J,1,0>","serverID":4}
{"level":"info","ts":"2025-10-12T01:49:40.504560898Z","caller":"api/api_grpc.pb.go:315","msg":"Recieved accept RPC from Server-3 with ballot <27, 3> for seqNum: #51, with client txn <F,G,1,7>","serverID":4}
{"level":"info","ts":"2025-10-12T01:49:40.504572397Z","caller":"server/server.go:750","msg":"Added record to log with seqNum 51","serverID":4}
{"level":"info","ts":"2025-10-12T01:49:40.504771502Z","caller":"api/api_grpc.pb.go:315","msg":"Recieved accept RPC from Server-3 with ballot <27, 3> for seqNum: #56, with client txn <A,B,1,8>","serverID":4}
{"level":"info","ts":"2025-10-12T01:49:40.504778335Z","caller":"server/server.go:750","msg":"Added record to log with seqNum 56","serverID":4}
{"level":"info","ts":"2025-10-12T01:49:40.504894532Z","caller":"api/api_grpc.pb.go:315","msg":"Recieved accept RPC from Server-3 with ballot <27, 3> for seqNum: #50, with client txn <C,D,1,9>","serverID":4}
{"level":"info","ts":"2025-10-12T01:49:40.504901364Z","caller":"server/server.go:750","msg":"Added record to log with seqNum 50","serverID":4}
{"level":"info","ts":"2025-10-12T01:49:40.508434346Z","caller":"api/api_grpc.pb.go:315","msg":"Recieved accept RPC from Server-3 with ballot <27, 3> for seqNum: #53, with client txn <E,F,1,7>","serverID":4}
{"level":"info","ts":"2025-10-12T01:49:40.508443136Z","caller":"server/server.go:750","msg":"Added record to log with seqNum 53","serverID":4}
{"level":"info","ts":"2025-10-12T01:49:40.508501256Z","caller":"api/api_grpc.pb.go:315","msg":"Recieved accept RPC from Server-3 with ballot <27, 3> for seqNum: #52, with client txn <G,H,1,7>","serverID":4}
{"level":"info","ts":"2025-10-12T01:49:40.508508213Z","caller":"server/server.go:750","msg":"Added record to log with seqNum 52","serverID":4}
{"level":"info","ts":"2025-10-12T01:49:40.509051992Z","caller":"api/api_grpc.pb.go:315","msg":"Recieved accept RPC from Server-3 with ballot <27, 3> for seqNum: #54, with client txn <D,E,1,5>","serverID":4}
{"level":"info","ts":"2025-10-12T01:49:40.509062075Z","caller":"server/server.go:750","msg":"Added record to log with seqNum 54","serverID":4}
{"level":"info","ts":"2025-10-12T01:49:40.509242223Z","caller":"api/api_grpc.pb.go:333","msg":"Recieved commit RPC from Server-3 with ballot <27, 3> for seqNum: #51, with client txn <F,G,1,0>","serverID":4}
{"level":"info","ts":"2025-10-12T01:49:40.510124927Z","caller":"api/api_grpc.pb.go:333","msg":"Recieved commit RPC from Server-3 with ballot <27, 3> for seqNum: #56, with client txn <A,B,1,0>","serverID":4}
{"level":"info","ts":"2025-10-12T01:49:40.510224667Z","caller":"api/api_grpc.pb.go:315","msg":"Recieved accept RPC from Server-3 with ballot <27, 3> for seqNum: #58, with client txn <I,J,1,6>","serverID":4}
{"level":"info","ts":"2025-10-12T01:49:40.510232541Z","caller":"server/server.go:750","msg":"Added record to log with seqNum 58","serverID":4}
{"level":"info","ts":"2025-10-12T01:49:40.510330573Z","caller":"api/api_grpc.pb.go:333","msg":"Recieved commit RPC from Server-3 with ballot <27, 3> for seqNum: #58, with client txn <I,J,1,0>","serverID":4}
{"level":"info","ts":"2025-10-12T01:49:40.510357321Z","caller":"api/api_grpc.pb.go:333","msg":"Recieved commit RPC from Server-3 with ballot <27, 3> for seqNum: #52, with client txn <G,H,1,0>","serverID":4}
{"level":"info","ts":"2025-10-12T01:49:40.51037611Z","caller":"api/api_grpc.pb.go:315","msg":"Recieved accept RPC from Server-3 with ballot <27, 3> for seqNum: #55, with client txn <H,I,1,5>","serverID":4}
{"level":"info","ts":"2025-10-12T01:49:40.510391442Z","caller":"server/server.go:750","msg":"Added record to log with seqNum 55","serverID":4}
{"level":"info","ts":"2025-10-12T01:49:40.511175906Z","caller":"api/api_grpc.pb.go:315","msg":"Recieved accept RPC from Server-3 with ballot <27, 3> for seqNum: #57, with client txn <B,C,1,8>","serverID":4}
{"level":"info","ts":"2025-10-12T01:49:40.511187321Z","caller":"server/server.go:750","msg":"Added record to log with seqNum 57","serverID":4}
{"level":"info","ts":"2025-10-12T01:49:40.511375303Z","caller":"api/api_grpc.pb.go:315","msg":"Recieved accept RPC from Server-3 with ballot <27, 3> for seqNum: #59, with client txn <J,A,1,7>","serverID":4}
{"level":"info","ts":"2025-10-12T01:49:40.51138451Z","caller":"server/server.go:750","msg":"Added record to log with seqNum 59","serverID":4}
{"level":"info","ts":"2025-10-12T01:49:40.511605863Z","caller":"api/api_grpc.pb.go:333","msg":"Recieved commit RPC from Server-3 with ballot <27, 3> for seqNum: #50, with client txn <C,D,1,0>","serverID":4}
{"level":"info","ts":"2025-10-12T01:49:40.513547878Z","caller":"api/api_grpc.pb.go:333","msg":"Recieved commit RPC from Server-3 with ballot <27, 3> for seqNum: #55, with client txn <H,I,1,0>","serverID":4}
{"level":"info","ts":"2025-10-12T01:49:40.513684781Z","caller":"api/api_grpc.pb.go:333","msg":"Recieved commit RPC from Server-3 with ballot <27, 3> for seqNum: #57, with client txn <B,C,1,0>","serverID":4}
{"level":"info","ts":"2025-10-12T01:49:40.513808393Z","caller":"api/api_grpc.pb.go:315","msg":"Recieved accept RPC from Server-3 with ballot <27, 3> for seqNum: #61, with client txn <F,G,1,8>","serverID":4}
{"level":"info","ts":"2025-10-12T01:49:40.513817768Z","caller":"server/server.go:750","msg":"Added record to log with seqNum 61","serverID":4}
{"level":"info","ts":"2025-10-12T01:49:40.513828683Z","caller":"api/api_grpc.pb.go:333","msg":"Recieved commit RPC from Server-3 with ballot <27, 3> for seqNum: #59, with client txn <J,A,1,0>","serverID":4}
{"level":"info","ts":"2025-10-12T01:49:40.513883428Z","caller":"api/api_grpc.pb.go:315","msg":"Recieved accept RPC from Server-3 with ballot <27, 3> for seqNum: #62, with client txn <G,H,1,8>","serverID":4}
{"level":"info","ts":"2025-10-12T01:49:40.513891677Z","caller":"server/server.go:750","msg":"Added record to log with seqNum 62","serverID":4}
{"level":"info","ts":"2025-10-12T01:49:40.513913258Z","caller":"api/api_grpc.pb.go:315","msg":"Recieved accept RPC from Server-3 with ballot <27, 3> for seqNum: #60, with client txn <C,D,1,10>","serverID":4}
{"level":"info","ts":"2025-10-12T01:49:40.513921799Z","caller":"server/server.go:750","msg":"Added record to log with seqNum 60","serverID":4}
{"level":"info","ts":"2025-10-12T01:49:40.514123779Z","caller":"api/api_grpc.pb.go:333","msg":"Recieved commit RPC from Server-3 with ballot <27, 3> for seqNum: #53, with client txn <E,F,1,0>","serverID":4}
{"level":"info","ts":"2025-10-12T01:49:40.514153276Z","caller":"api/api_grpc.pb.go:333","msg":"Recieved commit RPC from Server-3 with ballot <27, 3> for seqNum: #54, with client txn <D,E,1,0>","serverID":4}
{"level":"info","ts":"2025-10-12T01:49:40.515171924Z","caller":"api/api_grpc.pb.go:333","msg":"Recieved commit RPC from Server-3 with ballot <27, 3> for seqNum: #60, with client txn <C,D,1,0>","serverID":4}
{"level":"info","ts":"2025-10-12T01:49:40.515211795Z","caller":"api/api_grpc.pb.go:315","msg":"Recieved accept RPC from Server-3 with ballot <27, 3> for seqNum: #63, with client txn <H,I,1,6>","serverID":4}
{"level":"info","ts":"2025-10-12T01:49:40.515219253Z","caller":"server/server.go:750","msg":"Added record to log with seqNum 63","serverID":4}
{"level":"info","ts":"2025-10-12T01:49:40.520479062Z","caller":"api/api_grpc.pb.go:333","msg":"Recieved commit RPC from Server-3 with ballot <27, 3> for seqNum: #62, with client txn <G,H,1,0>","serverID":4}
{"level":"info","ts":"2025-10-12T01:49:40.521421968Z","caller":"api/api_grpc.pb.go:315","msg":"Recieved accept RPC from Server-3 with ballot <27, 3> for seqNum: #68, with client txn <I,J,1,7>","serverID":4}
{"level":"info","ts":"2025-10-12T01:49:40.521438217Z","caller":"server/server.go:750","msg":"Added record to log with seqNum 68","serverID":4}
{"level":"info","ts":"2025-10-12T01:49:40.521716064Z","caller":"api/api_grpc.pb.go:315","msg":"Recieved accept RPC from Server-3 with ballot <27, 3> for seqNum: #66, with client txn <J,A,1,8>","serverID":4}
{"level":"info","ts":"2025-10-12T01:49:40.52173402Z","caller":"server/server.go:750","msg":"Added record to log with seqNum 66","serverID":4}
{"level":"info","ts":"2025-10-12T01:49:40.521974455Z","caller":"api/api_grpc.pb.go:333","msg":"Recieved commit RPC from Server-3 with ballot <27, 3> for seqNum: #63, with client txn <H,I,1,0>","serverID":4}
{"level":"info","ts":"2025-10-12T01:49:40.521995994Z","caller":"api/api_grpc.pb.go:315","msg":"Recieved accept RPC from Server-3 with ballot <27, 3> for seqNum: #64, with client txn <D,E,1,6>","serverID":4}
{"level":"info","ts":"2025-10-12T01:49:40.522005243Z","caller":"server/server.go:750","msg":"Added record to log with seqNum 64","serverID":4}
{"level":"info","ts":"2025-10-12T01:49:40.522160228Z","caller":"api/api_grpc.pb.go:333","msg":"Recieved commit RPC from Server-3 with ballot <27, 3> for seqNum: #61, with client txn <F,G,1,0>","serverID":4}
{"level":"info","ts":"2025-10-12T01:49:40.522190183Z","caller":"api/api_grpc.pb.go:315","msg":"Recieved accept RPC from Server-3 with ballot <27, 3> for seqNum: #65, with client txn <E,F,1,8>","serverID":4}
{"level":"info","ts":"2025-10-12T01:49:40.522213681Z","caller":"server/server.go:750","msg":"Added record to log with seqNum 65","serverID":4}
{"level":"info","ts":"2025-10-12T01:49:40.525885107Z","caller":"api/api_grpc.pb.go:333","msg":"Recieved commit RPC from Server-3 with ballot <27, 3> for seqNum: #64, with client txn <D,E,1,0>","serverID":4}
{"level":"info","ts":"2025-10-12T01:49:40.525950934Z","caller":"api/api_grpc.pb.go:333","msg":"Recieved commit RPC from Server-3 with ballot <27, 3> for seqNum: #68, with client txn <I,J,1,0>","serverID":4}
{"level":"info","ts":"2025-10-12T01:49:40.525971265Z","caller":"api/api_grpc.pb.go:333","msg":"Recieved commit RPC from Server-3 with ballot <27, 3> for seqNum: #66, with client txn <J,A,1,0>","serverID":4}
{"level":"info","ts":"2025-10-12T01:49:40.526122875Z","caller":"api/api_grpc.pb.go:315","msg":"Recieved accept RPC from Server-3 with ballot <27, 3> for seqNum: #67, with client txn <A,B,1,9>","serverID":4}
{"level":"info","ts":"2025-10-12T01:49:40.526149247Z","caller":"server/server.go:750","msg":"Added record to log with seqNum 67","serverID":4}
{"level":"info","ts":"2025-10-12T01:49:40.526839553Z","caller":"api/api_grpc.pb.go:333","msg":"Recieved commit RPC from Server-3 with ballot <27, 3> for seqNum: #69, with client txn <B,C,1,0>","serverID":4}
{"level":"warn","ts":"2025-10-12T01:49:40.526850969Z","caller":"api/api_grpc.pb.go:333","msg":"Commit received for seqNum #69 before Accept. Creating log entry.","serverID":4}
{"level":"info","ts":"2025-10-12T01:49:40.526905714Z","caller":"api/api_grpc.pb.go:333","msg":"Recieved commit RPC from Server-3 with ballot <27, 3> for seqNum: #65, with client txn <E,F,1,0>","serverID":4}
{"level":"info","ts":"2025-10-12T01:49:40.526930461Z","caller":"api/api_grpc.pb.go:333","msg":"Recieved commit RPC from Server-3 with ballot <27, 3> for seqNum: #67, with client txn <A,B,1,0>","serverID":4}
{"level":"info","ts":"2025-10-12T01:49:40.526980956Z","caller":"api/api_grpc.pb.go:315","msg":"Recieved accept RPC from Server-3 with ballot <27, 3> for seqNum: #69, with client txn <B,C,1,9>","serverID":4}
{"level":"info","ts":"2025-10-12T01:49:40.526993621Z","caller":"api/api_grpc.pb.go:315","msg":"Accept for seq #69 already committed/executed, ignoring.","serverID":4}
{"level":"warn","ts":"2025-10-12T01:49:41.463565354Z","caller":"server/server.go:844","msg":"Election timed out, if still in candidate state need to revert to follower","serverID":4}
