{"level":"info","ts":"2025-09-19T02:50:44.919828617Z","caller":"server/server.go:170","msg":"Successfully created connections for server-1","serverID":2}
{"level":"info","ts":"2025-09-19T02:50:44.920837376Z","caller":"server/server.go:170","msg":"Successfully created connections for server-3","serverID":2}
{"level":"info","ts":"2025-09-19T02:50:44.920864418Z","caller":"server/server.go:187","msg":"Server Initialized successfully with serverId: 2 and timer duration: 10000000000","serverID":2}
{"level":"info","ts":"2025-09-19T02:50:44.920869835Z","caller":"runtime/proc.go:285","msg":"Server-2 is up and running. Waiting for requests on port 9112","serverID":2}
{"level":"info","ts":"2025-09-19T02:50:44.922108846Z","caller":"runtime/proc.go:285","msg":"gRPC server listening at 9112","serverID":2}
{"level":"info","ts":"2025-09-19T02:50:46.921583641Z","caller":"api/api_grpc.pb.go:179","msg":"Recieved accept RPC from Server-1 with ballot <1, 1> for seqNum: #4, with client txn <Alice,Bob,25,1758250246909464320>","serverID":2}
{"level":"info","ts":"2025-09-19T02:50:46.921623933Z","caller":"server/server.go:642","msg":"Added record to log with seqNum 4","serverID":2}
{"level":"info","ts":"2025-09-19T02:50:46.921718351Z","caller":"api/api_grpc.pb.go:179","msg":"Recieved accept RPC from Server-1 with ballot <1, 1> for seqNum: #3, with client txn <Alice,Bob,30,1758250246909461069>","serverID":2}
{"level":"info","ts":"2025-09-19T02:50:46.92177581Z","caller":"server/server.go:642","msg":"Added record to log with seqNum 3","serverID":2}
{"level":"info","ts":"2025-09-19T02:50:46.921822518Z","caller":"api/api_grpc.pb.go:179","msg":"Recieved accept RPC from Server-1 with ballot <1, 1> for seqNum: #1, with client txn <Alice,Bob,10,1758250246909368902>","serverID":2}
{"level":"info","ts":"2025-09-19T02:50:46.921829768Z","caller":"server/server.go:642","msg":"Added record to log with seqNum 1","serverID":2}
{"level":"info","ts":"2025-09-19T02:50:46.921839227Z","caller":"api/api_grpc.pb.go:179","msg":"Recieved accept RPC from Server-1 with ballot <1, 1> for seqNum: #2, with client txn <Bob,Alice,60,1758250246909463486>","serverID":2}
{"level":"info","ts":"2025-09-19T02:50:46.921843102Z","caller":"server/server.go:642","msg":"Added record to log with seqNum 2","serverID":2}
{"level":"info","ts":"2025-09-19T02:50:46.922159897Z","caller":"api/api_grpc.pb.go:197","msg":"Recieved commit RPC from Server-1 with ballot <1, 1> for seqNum: #1, with client txn <Alice,Bob,10,0>","serverID":2}
{"level":"info","ts":"2025-09-19T02:50:46.922171063Z","caller":"server/server.go:692","msg":"Log with seqNum 1 commited","serverID":2}
{"level":"info","ts":"2025-09-19T02:50:46.922190439Z","caller":"server/server.go:338","msg":"Detected new user, Initializing Balance for User: Alice with 100","serverID":2}
{"level":"info","ts":"2025-09-19T02:50:46.922194272Z","caller":"server/server.go:338","msg":"Detected new user, Initializing Balance for User: Bob with 100","serverID":2}
{"level":"info","ts":"2025-09-19T02:50:46.922197772Z","caller":"server/server.go:338","msg":"Successfully applied txn with commitIdx 1 and segNum 1","serverID":2}
{"level":"info","ts":"2025-09-19T02:50:46.922894403Z","caller":"api/api_grpc.pb.go:197","msg":"Recieved commit RPC from Server-1 with ballot <1, 1> for seqNum: #3, with client txn <Alice,Bob,30,0>","serverID":2}
{"level":"info","ts":"2025-09-19T02:50:46.922901237Z","caller":"server/server.go:692","msg":"Log with seqNum 3 commited","serverID":2}
{"level":"info","ts":"2025-09-19T02:50:46.922922612Z","caller":"api/api_grpc.pb.go:197","msg":"Recieved commit RPC from Server-1 with ballot <1, 1> for seqNum: #2, with client txn <Bob,Alice,60,0>","serverID":2}
{"level":"info","ts":"2025-09-19T02:50:46.922926862Z","caller":"server/server.go:692","msg":"Log with seqNum 2 commited","serverID":2}
{"level":"info","ts":"2025-09-19T02:50:46.922933279Z","caller":"server/server.go:338","msg":"Successfully applied txn with commitIdx 2 and segNum 2","serverID":2}
{"level":"info","ts":"2025-09-19T02:50:46.92293682Z","caller":"server/server.go:338","msg":"Successfully applied txn with commitIdx 3 and segNum 3","serverID":2}
{"level":"info","ts":"2025-09-19T02:50:46.922955154Z","caller":"api/api_grpc.pb.go:197","msg":"Recieved commit RPC from Server-1 with ballot <1, 1> for seqNum: #4, with client txn <Alice,Bob,25,0>","serverID":2}
{"level":"info","ts":"2025-09-19T02:50:46.922971946Z","caller":"server/server.go:692","msg":"Log with seqNum 4 commited","serverID":2}
{"level":"info","ts":"2025-09-19T02:50:46.922979196Z","caller":"server/server.go:338","msg":"Successfully applied txn with commitIdx 4 and segNum 4","serverID":2}
